<?xml version="1.0" encoding="UTF-8"?>
<testsuite name="PruebaTest" tests="1" skipped="0" failures="0" errors="0" timestamp="2016-06-20T10:35:24" hostname="rene-pc" time="0.2">
  <properties/>
  <testcase name="testSomeLibraryMethod" classname="PruebaTest" time="0.2"/>
  <system-out><![CDATA[]]></system-out>
  <system-err><![CDATA[]]></system-err>
</testsuite>
